[debug] [2023-03-20T17:41:08.804Z] ----------------------------------------------------------------------
[debug] [2023-03-20T17:41:08.807Z] Command:       C:\Program Files\nodejs\node.exe C:\Users\pc\AppData\Roaming\npm\node_modules\firebase-tools\lib\bin\firebase.js init
[debug] [2023-03-20T17:41:08.808Z] CLI Version:   11.24.1
[debug] [2023-03-20T17:41:08.808Z] Platform:      win32
[debug] [2023-03-20T17:41:08.809Z] Node Version:  v18.14.2
[debug] [2023-03-20T17:41:08.810Z] Time:          Mon Mar 20 2023 23:41:08 GMT+0600 (Bangladesh Standard Time)
[debug] [2023-03-20T17:41:08.811Z] ----------------------------------------------------------------------
[debug] 
[debug] [2023-03-20T17:41:08.815Z] >>> [apiv2][query] GET https://firebase-public.firebaseio.com/cli.json [none]
[debug] [2023-03-20T17:41:08.864Z] > command requires scopes: ["email","openid","https://www.googleapis.com/auth/cloudplatformprojects.readonly","https://www.googleapis.com/auth/firebase","https://www.googleapis.com/auth/cloud-platform"]
[debug] [2023-03-20T17:41:08.864Z] > authorizing via signed-in user (mehe556di@gmail.com)
[info] 
     ######## #### ########  ######## ########     ###     ######  ########
     ##        ##  ##     ## ##       ##     ##  ##   ##  ##       ##
     ######    ##  ########  ######   ########  #########  ######  ######
     ##        ##  ##    ##  ##       ##     ## ##     ##       ## ##
     ##       #### ##     ## ######## ########  ##     ##  ######  ########

You're about to initialize a Firebase project in this directory:

  C:\Projects\React-Map\react-map

Before we get started, keep in mind:

  * You are currently outside your home directory

[debug] [2023-03-20T17:41:09.581Z] <<< [apiv2][status] GET https://firebase-public.firebaseio.com/cli.json 200
[debug] [2023-03-20T17:41:09.581Z] <<< [apiv2][body] GET https://firebase-public.firebaseio.com/cli.json {"cloudBuildErrorAfter":1594252800000,"cloudBuildWarnAfter":1590019200000,"defaultNode10After":1594252800000,"minVersion":"3.0.5","node8DeploysDisabledAfter":1613390400000,"node8RuntimeDisabledAfter":1615809600000,"node8WarnAfter":1600128000000}
